app/build/intermediates/manifest_merge_blame_file/release/manifest-merger-blame-release-report.txt
1<?xml version="1.0" encoding="utf-8"?>
2<manifest xmlns:android="http://schemas.android.com/apk/res/android"
3    package="com.agtech.expensetracker"
4    android:versionCode="13"
5    android:versionName="1.4.2" >
6
7    <uses-sdk
8        android:minSdkVersion="26"
9        android:targetSdkVersion="35" />
10
11    <!-- Required by AdMob to serve ads and check network status -->
12    <uses-permission android:name="android.permission.INTERNET" />
12-->src/main/AndroidManifest.xml:5:5-67
12-->src/main/AndroidManifest.xml:5:22-64
13    <uses-permission android:name="android.permission.ACCESS_NETWORK_STATE" />
13-->src/main/AndroidManifest.xml:6:5-79
13-->src/main/AndroidManifest.xml:6:22-76
14
15    <!-- Daily "Did you log today?" reminder (Android 13+ requires runtime grant) -->
16    <uses-permission android:name="android.permission.POST_NOTIFICATIONS" />
16-->src/main/AndroidManifest.xml:9:5-77
16-->src/main/AndroidManifest.xml:9:22-74
17    <!-- Re-register WorkManager reminder after device reboot -->
18    <uses-permission android:name="android.permission.RECEIVE_BOOT_COMPLETED" />
18-->src/main/AndroidManifest.xml:11:5-81
18-->src/main/AndroidManifest.xml:11:22-78
19    <!-- Required for BiometricPrompt on Android 9 and below -->
20    <uses-permission android:name="android.permission.USE_BIOMETRIC" />
20-->src/main/AndroidManifest.xml:13:5-72
20-->src/main/AndroidManifest.xml:13:22-69
21
22    <!-- suppress DeprecatedClassUsageInspection -->
23    <uses-permission android:name="android.permission.USE_FINGERPRINT" />
23-->[androidx.biometric:biometric:1.2.0-alpha05] AndroidManifest.xml:25:5-74
23-->[androidx.biometric:biometric:1.2.0-alpha05] AndroidManifest.xml:25:22-71
24    <uses-permission android:name="com.google.android.gms.permission.AD_ID" />
24-->[com.google.android.gms:play-services-ads-lite:23.3.0] AndroidManifest.xml:26:5-79
24-->[com.google.android.gms:play-services-ads-lite:23.3.0] AndroidManifest.xml:26:22-76
25    <uses-permission android:name="android.permission.ACCESS_ADSERVICES_AD_ID" />
25-->[com.google.android.gms:play-services-ads-lite:23.3.0] AndroidManifest.xml:27:5-82
25-->[com.google.android.gms:play-services-ads-lite:23.3.0] AndroidManifest.xml:27:22-79
26    <uses-permission android:name="android.permission.ACCESS_ADSERVICES_ATTRIBUTION" />
26-->[com.google.android.gms:play-services-ads-lite:23.3.0] AndroidManifest.xml:28:5-88
26-->[com.google.android.gms:play-services-ads-lite:23.3.0] AndroidManifest.xml:28:22-85
27    <uses-permission android:name="android.permission.ACCESS_ADSERVICES_TOPICS" /> <!-- Android package visibility setting -->
27-->[com.google.android.gms:play-services-ads-lite:23.3.0] AndroidManifest.xml:29:5-83
27-->[com.google.android.gms:play-services-ads-lite:23.3.0] AndroidManifest.xml:29:22-80
28    <queries>
28-->[com.google.android.gms:play-services-ads-lite:23.3.0] AndroidManifest.xml:35:5-51:15
29
30        <!-- For browser content -->
31        <intent>
31-->[com.google.android.gms:play-services-ads-lite:23.3.0] AndroidManifest.xml:38:9-44:18
32            <action android:name="android.intent.action.VIEW" />
32-->[com.google.android.gms:play-services-ads-lite:23.3.0] AndroidManifest.xml:39:13-65
32-->[com.google.android.gms:play-services-ads-lite:23.3.0] AndroidManifest.xml:39:21-62
33
34            <category android:name="android.intent.category.BROWSABLE" />
34-->[com.google.android.gms:play-services-ads-lite:23.3.0] AndroidManifest.xml:41:13-74
34-->[com.google.android.gms:play-services-ads-lite:23.3.0] AndroidManifest.xml:41:23-71
35
36            <data android:scheme="https" />
36-->[com.google.android.gms:play-services-ads-lite:23.3.0] AndroidManifest.xml:43:13-44
36-->[com.google.android.gms:play-services-ads-lite:23.3.0] AndroidManifest.xml:43:19-41
37        </intent>
38        <!-- End of browser content -->
39        <!-- For CustomTabsService -->
40        <intent>
40-->[com.google.android.gms:play-services-ads-lite:23.3.0] AndroidManifest.xml:47:9-49:18
41            <action android:name="android.support.customtabs.action.CustomTabsService" />
41-->[com.google.android.gms:play-services-ads-lite:23.3.0] AndroidManifest.xml:48:13-90
41-->[com.google.android.gms:play-services-ads-lite:23.3.0] AndroidManifest.xml:48:21-87
42        </intent>
43        <!-- End of CustomTabsService -->
44    </queries>
45
46    <uses-permission android:name="android.permission.WAKE_LOCK" />
46-->[com.google.android.gms:play-services-measurement-sdk-api:20.1.2] AndroidManifest.xml:25:5-68
46-->[com.google.android.gms:play-services-measurement-sdk-api:20.1.2] AndroidManifest.xml:25:22-65
47    <uses-permission android:name="android.permission.FOREGROUND_SERVICE" />
47-->[androidx.work:work-runtime:2.9.1] AndroidManifest.xml:26:5-77
47-->[androidx.work:work-runtime:2.9.1] AndroidManifest.xml:26:22-74
48
49    <permission
49-->[androidx.core:core:1.13.1] AndroidManifest.xml:22:5-24:47
50        android:name="com.agtech.expensetracker.DYNAMIC_RECEIVER_NOT_EXPORTED_PERMISSION"
50-->[androidx.core:core:1.13.1] AndroidManifest.xml:23:9-81
51        android:protectionLevel="signature" />
51-->[androidx.core:core:1.13.1] AndroidManifest.xml:24:9-44
52
53    <uses-permission android:name="com.agtech.expensetracker.DYNAMIC_RECEIVER_NOT_EXPORTED_PERMISSION" />
53-->[androidx.core:core:1.13.1] AndroidManifest.xml:26:5-97
53-->[androidx.core:core:1.13.1] AndroidManifest.xml:26:22-94
54
55    <application
55-->src/main/AndroidManifest.xml:15:5-88:19
56        android:name="com.expensetracker.app.ExpenseApp"
56-->src/main/AndroidManifest.xml:16:9-35
57        android:allowBackup="true"
57-->src/main/AndroidManifest.xml:17:9-35
58        android:appComponentFactory="androidx.core.app.CoreComponentFactory"
58-->[androidx.core:core:1.13.1] AndroidManifest.xml:28:18-86
59        android:extractNativeLibs="false"
60        android:fullBackupContent="true"
60-->src/main/AndroidManifest.xml:18:9-41
61        android:icon="@mipmap/ic_launcher"
61-->src/main/AndroidManifest.xml:19:9-43
62        android:label="@string/app_name"
62-->src/main/AndroidManifest.xml:20:9-41
63        android:localeConfig="@xml/locales_config"
63-->src/main/AndroidManifest.xml:21:9-51
64        android:roundIcon="@mipmap/ic_launcher"
64-->src/main/AndroidManifest.xml:22:9-48
65        android:supportsRtl="true"
65-->src/main/AndroidManifest.xml:23:9-35
66        android:theme="@style/Theme.ExpenseTracker" >
66-->src/main/AndroidManifest.xml:24:9-52
67        <activity
67-->src/main/AndroidManifest.xml:26:9-35:20
68            android:name="com.expensetracker.app.MainActivity"
68-->src/main/AndroidManifest.xml:27:13-41
69            android:exported="true"
69-->src/main/AndroidManifest.xml:28:13-36
70            android:label="@string/app_name"
70-->src/main/AndroidManifest.xml:29:13-45
71            android:theme="@style/Theme.ExpenseTracker" >
71-->src/main/AndroidManifest.xml:30:13-56
72            <intent-filter>
72-->src/main/AndroidManifest.xml:31:13-34:29
73                <action android:name="android.intent.action.MAIN" />
73-->src/main/AndroidManifest.xml:32:17-69
73-->src/main/AndroidManifest.xml:32:25-66
74
75                <category android:name="android.intent.category.LAUNCHER" />
75-->src/main/AndroidManifest.xml:33:17-77
75-->src/main/AndroidManifest.xml:33:27-74
76            </intent-filter>
77        </activity>
78
79        <!--
80            AdMob App ID — REQUIRED even in test mode or the app will crash at startup.
81            Replace the test value below with your real App ID from https://admob.google.com
82            (Apps → App settings → App ID) before publishing to the Play Store.
83        -->
84        <meta-data
84-->src/main/AndroidManifest.xml:42:9-44:70
85            android:name="com.google.android.gms.ads.APPLICATION_ID"
85-->src/main/AndroidManifest.xml:43:13-69
86            android:value="ca-app-pub-8890346685665889~3572471547" />
86-->src/main/AndroidManifest.xml:44:13-67
87
88        <!--
89            Daily reminder BroadcastReceiver.
90            Handles ACTION_NOTIFY (from AlarmManager), BOOT_COMPLETED, and MY_PACKAGE_REPLACED
91            so alarms survive reboots and app updates.
92        -->
93        <receiver
93-->src/main/AndroidManifest.xml:51:9-58:20
94            android:name="com.expensetracker.app.util.ReminderReceiver"
94-->src/main/AndroidManifest.xml:52:13-50
95            android:exported="false" >
95-->src/main/AndroidManifest.xml:53:13-37
96            <intent-filter>
96-->src/main/AndroidManifest.xml:54:13-57:29
97                <action android:name="android.intent.action.BOOT_COMPLETED" />
97-->src/main/AndroidManifest.xml:55:17-79
97-->src/main/AndroidManifest.xml:55:25-76
98                <action android:name="android.intent.action.MY_PACKAGE_REPLACED" />
98-->src/main/AndroidManifest.xml:56:17-84
98-->src/main/AndroidManifest.xml:56:25-81
99            </intent-filter>
100        </receiver>
101
102        <!--
103            Home-screen widget.
104            ACTION_APPWIDGET_UPDATE is mandatory; APPWIDGET_PROVIDER meta-data points to the
105            widget's configuration XML (min size, update period, etc.).
106        -->
107        <receiver
107-->src/main/AndroidManifest.xml:65:9-74:20
108            android:name="com.expensetracker.app.widget.ExpenseWidgetReceiver"
108-->src/main/AndroidManifest.xml:66:13-57
109            android:exported="true" >
109-->src/main/AndroidManifest.xml:67:13-36
110            <intent-filter>
110-->src/main/AndroidManifest.xml:68:13-70:29
111                <action android:name="android.appwidget.action.APPWIDGET_UPDATE" />
111-->src/main/AndroidManifest.xml:69:17-84
111-->src/main/AndroidManifest.xml:69:25-81
112            </intent-filter>
113
114            <meta-data
114-->src/main/AndroidManifest.xml:71:13-73:63
115                android:name="android.appwidget.provider"
115-->src/main/AndroidManifest.xml:72:17-58
116                android:resource="@xml/expense_widget_info" />
116-->src/main/AndroidManifest.xml:73:17-60
117        </receiver>
118
119        <!--
120             Lets us hand a generated PDF report to the system share/save chooser without
121             needing any storage permission or leaving the device — purely local file I/O.
122        -->
123        <provider
124            android:name="androidx.core.content.FileProvider"
124-->src/main/AndroidManifest.xml:79:13-62
125            android:authorities="com.agtech.expensetracker.fileprovider"
125-->src/main/AndroidManifest.xml:80:13-64
126            android:exported="false"
126-->src/main/AndroidManifest.xml:81:13-37
127            android:grantUriPermissions="true" >
127-->src/main/AndroidManifest.xml:82:13-47
128            <meta-data
128-->src/main/AndroidManifest.xml:83:13-85:54
129                android:name="android.support.FILE_PROVIDER_PATHS"
129-->src/main/AndroidManifest.xml:84:17-67
130                android:resource="@xml/file_paths" />
130-->src/main/AndroidManifest.xml:85:17-51
131        </provider>
132
133        <activity
133-->[com.google.android.gms:play-services-auth:21.4.0] AndroidManifest.xml:23:9-27:75
134            android:name="com.google.android.gms.auth.api.signin.internal.SignInHubActivity"
134-->[com.google.android.gms:play-services-auth:21.4.0] AndroidManifest.xml:24:13-93
135            android:excludeFromRecents="true"
135-->[com.google.android.gms:play-services-auth:21.4.0] AndroidManifest.xml:25:13-46
136            android:exported="false"
136-->[com.google.android.gms:play-services-auth:21.4.0] AndroidManifest.xml:26:13-37
137            android:theme="@android:style/Theme.Translucent.NoTitleBar" />
137-->[com.google.android.gms:play-services-auth:21.4.0] AndroidManifest.xml:27:13-72
138        <!--
139            Service handling Google Sign-In user revocation. For apps that do not integrate with
140            Google Sign-In, this service will never be started.
141        -->
142        <service
142-->[com.google.android.gms:play-services-auth:21.4.0] AndroidManifest.xml:33:9-37:51
143            android:name="com.google.android.gms.auth.api.signin.RevocationBoundService"
143-->[com.google.android.gms:play-services-auth:21.4.0] AndroidManifest.xml:34:13-89
144            android:exported="true"
144-->[com.google.android.gms:play-services-auth:21.4.0] AndroidManifest.xml:35:13-36
145            android:permission="com.google.android.gms.auth.api.signin.permission.REVOCATION_NOTIFICATION"
145-->[com.google.android.gms:play-services-auth:21.4.0] AndroidManifest.xml:36:13-107
146            android:visibleToInstantApps="true" /> <!-- Include the AdActivity and InAppPurchaseActivity configChanges and themes. -->
146-->[com.google.android.gms:play-services-auth:21.4.0] AndroidManifest.xml:37:13-48
147        <activity
147-->[com.google.android.gms:play-services-ads-lite:23.3.0] AndroidManifest.xml:56:9-61:43
148            android:name="com.google.android.gms.ads.AdActivity"
148-->[com.google.android.gms:play-services-ads-lite:23.3.0] AndroidManifest.xml:57:13-65
149            android:configChanges="keyboard|keyboardHidden|orientation|screenLayout|uiMode|screenSize|smallestScreenSize"
149-->[com.google.android.gms:play-services-ads-lite:23.3.0] AndroidManifest.xml:58:13-122
150            android:exported="false"
150-->[com.google.android.gms:play-services-ads-lite:23.3.0] AndroidManifest.xml:59:13-37
151            android:theme="@android:style/Theme.Translucent" />
151-->[com.google.android.gms:play-services-ads-lite:23.3.0] AndroidManifest.xml:60:13-61
152
153        <provider
153-->[com.google.android.gms:play-services-ads-lite:23.3.0] AndroidManifest.xml:63:9-68:43
154            android:name="com.google.android.gms.ads.MobileAdsInitProvider"
154-->[com.google.android.gms:play-services-ads-lite:23.3.0] AndroidManifest.xml:64:13-76
155            android:authorities="com.agtech.expensetracker.mobileadsinitprovider"
155-->[com.google.android.gms:play-services-ads-lite:23.3.0] AndroidManifest.xml:65:13-73
156            android:exported="false"
156-->[com.google.android.gms:play-services-ads-lite:23.3.0] AndroidManifest.xml:66:13-37
157            android:initOrder="100" />
157-->[com.google.android.gms:play-services-ads-lite:23.3.0] AndroidManifest.xml:67:13-36
158
159        <service
159-->[com.google.android.gms:play-services-ads-lite:23.3.0] AndroidManifest.xml:70:9-74:43
160            android:name="com.google.android.gms.ads.AdService"
160-->[com.google.android.gms:play-services-ads-lite:23.3.0] AndroidManifest.xml:71:13-64
161            android:enabled="true"
161-->[com.google.android.gms:play-services-ads-lite:23.3.0] AndroidManifest.xml:72:13-35
162            android:exported="false" />
162-->[com.google.android.gms:play-services-ads-lite:23.3.0] AndroidManifest.xml:73:13-37
163
164        <activity
164-->[com.google.android.gms:play-services-ads-lite:23.3.0] AndroidManifest.xml:76:9-80:43
165            android:name="com.google.android.gms.ads.OutOfContextTestingActivity"
165-->[com.google.android.gms:play-services-ads-lite:23.3.0] AndroidManifest.xml:77:13-82
166            android:configChanges="keyboard|keyboardHidden|orientation|screenLayout|uiMode|screenSize|smallestScreenSize"
166-->[com.google.android.gms:play-services-ads-lite:23.3.0] AndroidManifest.xml:78:13-122
167            android:exported="false" />
167-->[com.google.android.gms:play-services-ads-lite:23.3.0] AndroidManifest.xml:79:13-37
168        <activity
168-->[com.google.android.gms:play-services-ads-lite:23.3.0] AndroidManifest.xml:81:9-88:43
169            android:name="com.google.android.gms.ads.NotificationHandlerActivity"
169-->[com.google.android.gms:play-services-ads-lite:23.3.0] AndroidManifest.xml:82:13-82
170            android:excludeFromRecents="true"
170-->[com.google.android.gms:play-services-ads-lite:23.3.0] AndroidManifest.xml:83:13-46
171            android:exported="false"
171-->[com.google.android.gms:play-services-ads-lite:23.3.0] AndroidManifest.xml:84:13-37
172            android:launchMode="singleTask"
172-->[com.google.android.gms:play-services-ads-lite:23.3.0] AndroidManifest.xml:85:13-44
173            android:taskAffinity=""
173-->[com.google.android.gms:play-services-ads-lite:23.3.0] AndroidManifest.xml:86:13-36
174            android:theme="@android:style/Theme.Translucent.NoTitleBar" />
174-->[com.google.android.gms:play-services-ads-lite:23.3.0] AndroidManifest.xml:87:13-72
175
176        <property
176-->[com.google.android.gms:play-services-ads-lite:23.3.0] AndroidManifest.xml:90:9-92:62
177            android:name="android.adservices.AD_SERVICES_CONFIG"
177-->[com.google.android.gms:play-services-ads-lite:23.3.0] AndroidManifest.xml:91:13-65
178            android:resource="@xml/gma_ad_services_config" />
178-->[com.google.android.gms:play-services-ads-lite:23.3.0] AndroidManifest.xml:92:13-59
179
180        <activity
180-->[com.google.android.gms:play-services-base:18.5.0] AndroidManifest.xml:5:9-173
181            android:name="com.google.android.gms.common.api.GoogleApiActivity"
181-->[com.google.android.gms:play-services-base:18.5.0] AndroidManifest.xml:5:19-85
182            android:exported="false"
182-->[com.google.android.gms:play-services-base:18.5.0] AndroidManifest.xml:5:146-170
183            android:theme="@android:style/Theme.Translucent.NoTitleBar" />
183-->[com.google.android.gms:play-services-base:18.5.0] AndroidManifest.xml:5:86-145
184
185        <meta-data
185-->[com.google.android.gms:play-services-basement:18.5.0] AndroidManifest.xml:21:9-23:69
186            android:name="com.google.android.gms.version"
186-->[com.google.android.gms:play-services-basement:18.5.0] AndroidManifest.xml:22:13-58
187            android:value="@integer/google_play_services_version" />
187-->[com.google.android.gms:play-services-basement:18.5.0] AndroidManifest.xml:23:13-66
188
189        <activity
189-->[androidx.glance:glance-appwidget:1.1.0] AndroidManifest.xml:23:9-28:62
190            android:name="androidx.glance.appwidget.action.ActionTrampolineActivity"
190-->[androidx.glance:glance-appwidget:1.1.0] AndroidManifest.xml:24:13-85
191            android:enabled="true"
191-->[androidx.glance:glance-appwidget:1.1.0] AndroidManifest.xml:25:13-35
192            android:excludeFromRecents="true"
192-->[androidx.glance:glance-appwidget:1.1.0] AndroidManifest.xml:26:13-46
193            android:exported="false"
193-->[androidx.glance:glance-appwidget:1.1.0] AndroidManifest.xml:27:13-37
194            android:theme="@android:style/Theme.NoDisplay" />
194-->[androidx.glance:glance-appwidget:1.1.0] AndroidManifest.xml:28:13-59
195        <activity
195-->[androidx.glance:glance-appwidget:1.1.0] AndroidManifest.xml:29:9-36:81
196            android:name="androidx.glance.appwidget.action.InvisibleActionTrampolineActivity"
196-->[androidx.glance:glance-appwidget:1.1.0] AndroidManifest.xml:30:13-94
197            android:enabled="true"
197-->[androidx.glance:glance-appwidget:1.1.0] AndroidManifest.xml:31:13-35
198            android:exported="false"
198-->[androidx.glance:glance-appwidget:1.1.0] AndroidManifest.xml:32:13-37
199            android:launchMode="singleInstance"
199-->[androidx.glance:glance-appwidget:1.1.0] AndroidManifest.xml:33:13-48
200            android:noHistory="true"
200-->[androidx.glance:glance-appwidget:1.1.0] AndroidManifest.xml:34:13-37
201            android:taskAffinity="androidx.glance.appwidget.ListAdapterCallbackTrampoline"
201-->[androidx.glance:glance-appwidget:1.1.0] AndroidManifest.xml:35:13-91
202            android:theme="@style/Widget.Glance.AppWidget.CallbackTrampoline" />
202-->[androidx.glance:glance-appwidget:1.1.0] AndroidManifest.xml:36:13-78
203
204        <receiver
204-->[androidx.glance:glance-appwidget:1.1.0] AndroidManifest.xml:38:9-41:40
205            android:name="androidx.glance.appwidget.action.ActionCallbackBroadcastReceiver"
205-->[androidx.glance:glance-appwidget:1.1.0] AndroidManifest.xml:39:13-92
206            android:enabled="true"
206-->[androidx.glance:glance-appwidget:1.1.0] AndroidManifest.xml:40:13-35
207            android:exported="false" />
207-->[androidx.glance:glance-appwidget:1.1.0] AndroidManifest.xml:41:13-37
208        <receiver
208-->[androidx.glance:glance-appwidget:1.1.0] AndroidManifest.xml:42:9-45:40
209            android:name="androidx.glance.appwidget.UnmanagedSessionReceiver"
209-->[androidx.glance:glance-appwidget:1.1.0] AndroidManifest.xml:43:13-78
210            android:enabled="true"
210-->[androidx.glance:glance-appwidget:1.1.0] AndroidManifest.xml:44:13-35
211            android:exported="false" />
211-->[androidx.glance:glance-appwidget:1.1.0] AndroidManifest.xml:45:13-37
212        <receiver
212-->[androidx.glance:glance-appwidget:1.1.0] AndroidManifest.xml:46:9-53:20
213            android:name="androidx.glance.appwidget.MyPackageReplacedReceiver"
213-->[androidx.glance:glance-appwidget:1.1.0] AndroidManifest.xml:47:13-79
214            android:enabled="true"
214-->[androidx.glance:glance-appwidget:1.1.0] AndroidManifest.xml:48:13-35
215            android:exported="false" >
215-->[androidx.glance:glance-appwidget:1.1.0] AndroidManifest.xml:49:13-37
216            <intent-filter>
216-->[androidx.glance:glance-appwidget:1.1.0] AndroidManifest.xml:50:13-52:29
217                <action android:name="android.intent.action.MY_PACKAGE_REPLACED" />
217-->src/main/AndroidManifest.xml:56:17-84
217-->src/main/AndroidManifest.xml:56:25-81
218            </intent-filter>
219        </receiver>
220
221        <service
221-->[androidx.glance:glance-appwidget:1.1.0] AndroidManifest.xml:55:9-58:72
222            android:name="androidx.glance.appwidget.GlanceRemoteViewsService"
222-->[androidx.glance:glance-appwidget:1.1.0] AndroidManifest.xml:56:13-78
223            android:exported="true"
223-->[androidx.glance:glance-appwidget:1.1.0] AndroidManifest.xml:57:13-36
224            android:permission="android.permission.BIND_REMOTEVIEWS" />
224-->[androidx.glance:glance-appwidget:1.1.0] AndroidManifest.xml:58:13-69
225
226        <provider
226-->[androidx.emoji2:emoji2:1.3.0] AndroidManifest.xml:24:9-32:20
227            android:name="androidx.startup.InitializationProvider"
227-->[androidx.emoji2:emoji2:1.3.0] AndroidManifest.xml:25:13-67
228            android:authorities="com.agtech.expensetracker.androidx-startup"
228-->[androidx.emoji2:emoji2:1.3.0] AndroidManifest.xml:26:13-68
229            android:exported="false" >
229-->[androidx.emoji2:emoji2:1.3.0] AndroidManifest.xml:27:13-37
230            <meta-data
230-->[androidx.emoji2:emoji2:1.3.0] AndroidManifest.xml:29:13-31:52
231                android:name="androidx.emoji2.text.EmojiCompatInitializer"
231-->[androidx.emoji2:emoji2:1.3.0] AndroidManifest.xml:30:17-75
232                android:value="androidx.startup" />
232-->[androidx.emoji2:emoji2:1.3.0] AndroidManifest.xml:31:17-49
233            <meta-data
233-->[androidx.work:work-runtime:2.9.1] AndroidManifest.xml:34:13-36:52
234                android:name="androidx.work.WorkManagerInitializer"
234-->[androidx.work:work-runtime:2.9.1] AndroidManifest.xml:35:17-68
235                android:value="androidx.startup" />
235-->[androidx.work:work-runtime:2.9.1] AndroidManifest.xml:36:17-49
236            <meta-data
236-->[androidx.lifecycle:lifecycle-process:2.8.4] AndroidManifest.xml:29:13-31:52
237                android:name="androidx.lifecycle.ProcessLifecycleInitializer"
237-->[androidx.lifecycle:lifecycle-process:2.8.4] AndroidManifest.xml:30:17-78
238                android:value="androidx.startup" />
238-->[androidx.lifecycle:lifecycle-process:2.8.4] AndroidManifest.xml:31:17-49
239            <meta-data
239-->[androidx.profileinstaller:profileinstaller:1.3.1] AndroidManifest.xml:29:13-31:52
240                android:name="androidx.profileinstaller.ProfileInstallerInitializer"
240-->[androidx.profileinstaller:profileinstaller:1.3.1] AndroidManifest.xml:30:17-85
241                android:value="androidx.startup" />
241-->[androidx.profileinstaller:profileinstaller:1.3.1] AndroidManifest.xml:31:17-49
242        </provider>
243
244        <service
244-->[androidx.work:work-runtime:2.9.1] AndroidManifest.xml:39:9-45:35
245            android:name="androidx.work.impl.background.systemalarm.SystemAlarmService"
245-->[androidx.work:work-runtime:2.9.1] AndroidManifest.xml:40:13-88
246            android:directBootAware="false"
246-->[androidx.work:work-runtime:2.9.1] AndroidManifest.xml:41:13-44
247            android:enabled="@bool/enable_system_alarm_service_default"
247-->[androidx.work:work-runtime:2.9.1] AndroidManifest.xml:42:13-72
248            android:exported="false" />
248-->[androidx.work:work-runtime:2.9.1] AndroidManifest.xml:43:13-37
249        <service
249-->[androidx.work:work-runtime:2.9.1] AndroidManifest.xml:46:9-52:35
250            android:name="androidx.work.impl.background.systemjob.SystemJobService"
250-->[androidx.work:work-runtime:2.9.1] AndroidManifest.xml:47:13-84
251            android:directBootAware="false"
251-->[androidx.work:work-runtime:2.9.1] AndroidManifest.xml:48:13-44
252            android:enabled="@bool/enable_system_job_service_default"
252-->[androidx.work:work-runtime:2.9.1] AndroidManifest.xml:49:13-70
253            android:exported="true"
253-->[androidx.work:work-runtime:2.9.1] AndroidManifest.xml:50:13-36
254            android:permission="android.permission.BIND_JOB_SERVICE" />
254-->[androidx.work:work-runtime:2.9.1] AndroidManifest.xml:51:13-69
255        <service
255-->[androidx.work:work-runtime:2.9.1] AndroidManifest.xml:53:9-59:35
256            android:name="androidx.work.impl.foreground.SystemForegroundService"
256-->[androidx.work:work-runtime:2.9.1] AndroidManifest.xml:54:13-81
257            android:directBootAware="false"
257-->[androidx.work:work-runtime:2.9.1] AndroidManifest.xml:55:13-44
258            android:enabled="@bool/enable_system_foreground_service_default"
258-->[androidx.work:work-runtime:2.9.1] AndroidManifest.xml:56:13-77
259            android:exported="false" />
259-->[androidx.work:work-runtime:2.9.1] AndroidManifest.xml:57:13-37
260
261        <receiver
261-->[androidx.work:work-runtime:2.9.1] AndroidManifest.xml:61:9-66:35
262            android:name="androidx.work.impl.utils.ForceStopRunnable$BroadcastReceiver"
262-->[androidx.work:work-runtime:2.9.1] AndroidManifest.xml:62:13-88
263            android:directBootAware="false"
263-->[androidx.work:work-runtime:2.9.1] AndroidManifest.xml:63:13-44
264            android:enabled="true"
264-->[androidx.work:work-runtime:2.9.1] AndroidManifest.xml:64:13-35
265            android:exported="false" />
265-->[androidx.work:work-runtime:2.9.1] AndroidManifest.xml:65:13-37
266        <receiver
266-->[androidx.work:work-runtime:2.9.1] AndroidManifest.xml:67:9-77:20
267            android:name="androidx.work.impl.background.systemalarm.ConstraintProxy$BatteryChargingProxy"
267-->[androidx.work:work-runtime:2.9.1] AndroidManifest.xml:68:13-106
268            android:directBootAware="false"
268-->[androidx.work:work-runtime:2.9.1] AndroidManifest.xml:69:13-44
269            android:enabled="false"
269-->[androidx.work:work-runtime:2.9.1] AndroidManifest.xml:70:13-36
270            android:exported="false" >
270-->[androidx.work:work-runtime:2.9.1] AndroidManifest.xml:71:13-37
271            <intent-filter>
271-->[androidx.work:work-runtime:2.9.1] AndroidManifest.xml:73:13-76:29
272                <action android:name="android.intent.action.ACTION_POWER_CONNECTED" />
272-->[androidx.work:work-runtime:2.9.1] AndroidManifest.xml:74:17-87
272-->[androidx.work:work-runtime:2.9.1] AndroidManifest.xml:74:25-84
273                <action android:name="android.intent.action.ACTION_POWER_DISCONNECTED" />
273-->[androidx.work:work-runtime:2.9.1] AndroidManifest.xml:75:17-90
273-->[androidx.work:work-runtime:2.9.1] AndroidManifest.xml:75:25-87
274            </intent-filter>
275        </receiver>
276        <receiver
276-->[androidx.work:work-runtime:2.9.1] AndroidManifest.xml:78:9-88:20
277            android:name="androidx.work.impl.background.systemalarm.ConstraintProxy$BatteryNotLowProxy"
277-->[androidx.work:work-runtime:2.9.1] AndroidManifest.xml:79:13-104
278            android:directBootAware="false"
278-->[androidx.work:work-runtime:2.9.1] AndroidManifest.xml:80:13-44
279            android:enabled="false"
279-->[androidx.work:work-runtime:2.9.1] AndroidManifest.xml:81:13-36
280            android:exported="false" >
280-->[androidx.work:work-runtime:2.9.1] AndroidManifest.xml:82:13-37
281            <intent-filter>
281-->[androidx.work:work-runtime:2.9.1] AndroidManifest.xml:84:13-87:29
282                <action android:name="android.intent.action.BATTERY_OKAY" />
282-->[androidx.work:work-runtime:2.9.1] AndroidManifest.xml:85:17-77
282-->[androidx.work:work-runtime:2.9.1] AndroidManifest.xml:85:25-74
283                <action android:name="android.intent.action.BATTERY_LOW" />
283-->[androidx.work:work-runtime:2.9.1] AndroidManifest.xml:86:17-76
283-->[androidx.work:work-runtime:2.9.1] AndroidManifest.xml:86:25-73
284            </intent-filter>
285        </receiver>
286        <receiver
286-->[androidx.work:work-runtime:2.9.1] AndroidManifest.xml:89:9-99:20
287            android:name="androidx.work.impl.background.systemalarm.ConstraintProxy$StorageNotLowProxy"
287-->[androidx.work:work-runtime:2.9.1] AndroidManifest.xml:90:13-104
288            android:directBootAware="false"
288-->[androidx.work:work-runtime:2.9.1] AndroidManifest.xml:91:13-44
289            android:enabled="false"
289-->[androidx.work:work-runtime:2.9.1] AndroidManifest.xml:92:13-36
290            android:exported="false" >
290-->[androidx.work:work-runtime:2.9.1] AndroidManifest.xml:93:13-37
291            <intent-filter>
291-->[androidx.work:work-runtime:2.9.1] AndroidManifest.xml:95:13-98:29
292                <action android:name="android.intent.action.DEVICE_STORAGE_LOW" />